RUN	computerdatabase.ComputerDatabaseSimulation	computerdatabasesimulation	1723108399552	 	3.11.5
USER	Admins	START	1723108400135
USER	Users	START	1723108400135
REQUEST		Home	1723108400093	1723108400776	OK	 
REQUEST		Home	1723108400093	1723108400793	OK	 
REQUEST		Home Redirect 1	1723108400785	1723108401004	OK	 
REQUEST		Home Redirect 1	1723108400793	1723108401020	OK	 
USER	Users	START	1723108401073
REQUEST		Home	1723108401072	1723108401733	OK	 
REQUEST		Home Redirect 1	1723108401733	1723108401958	OK	 
USER	Users	START	1723108402074
REQUEST		Search	1723108402021	1723108402246	OK	 
REQUEST		Search	1723108402015	1723108402233	OK	 
REQUEST		Home	1723108402073	1723108402719	OK	 
REQUEST		Home Redirect 1	1723108402719	1723108402942	OK	 
USER	Users	START	1723108403069
REQUEST		Search	1723108402959	1723108403185	OK	 
REQUEST		Select	1723108403289	1723108403505	OK	 
REQUEST		Select	1723108403289	1723108403522	OK	 
REQUEST		Home	1723108403069	1723108403724	OK	 
REQUEST		Home Redirect 1	1723108403724	1723108403950	OK	 
USER	Users	START	1723108404070
REQUEST		Search	1723108403943	1723108404162	OK	 
REQUEST		Select	1723108404188	1723108404414	OK	 
REQUEST		Home	1723108404069	1723108404704	OK	 
REQUEST		Page 0	1723108404511	1723108404721	OK	 
REQUEST		Page 0	1723108404523	1723108404749	OK	 
REQUEST		Home Redirect 1	1723108404704	1723108404923	OK	 
USER	Users	START	1723108405069
USER	Admins	START	1723108405069
REQUEST		Search	1723108404951	1723108405173	OK	 
REQUEST		Select	1723108405165	1723108405385	OK	 
REQUEST		Page 0	1723108405416	1723108405635	OK	 
REQUEST		Home	1723108405068	1723108405706	OK	 
REQUEST		Home	1723108405068	1723108405715	OK	 
REQUEST		Home Redirect 1	1723108405706	1723108405927	OK	 
REQUEST		Home Redirect 1	1723108405715	1723108405936	OK	 
REQUEST		Page 1	1723108405724	1723108405947	OK	 
REQUEST		Page 1	1723108405751	1723108405972	OK	 
USER	Users	START	1723108406069
REQUEST		Search	1723108405925	1723108406137	OK	 
REQUEST		Select	1723108406175	1723108406395	OK	 
REQUEST		Page 0	1723108406387	1723108406602	OK	 
REQUEST		Home	1723108406068	1723108406723	OK	 
REQUEST		Page 1	1723108406636	1723108406854	OK	 
REQUEST		Home Redirect 1	1723108406723	1723108406944	OK	 
USER	Users	START	1723108407070
REQUEST		Search	1723108406929	1723108407144	OK	 
REQUEST		Search	1723108406937	1723108407154	OK	 
REQUEST		Page 2	1723108406948	1723108407161	OK	 
REQUEST		Page 2	1723108406974	1723108407193	OK	 
REQUEST		Select	1723108407140	1723108407351	OK	 
REQUEST		Page 0	1723108407396	1723108407617	OK	 
REQUEST		Home	1723108407069	1723108407709	OK	 
REQUEST		Page 1	1723108407603	1723108407818	OK	 
REQUEST		Home Redirect 1	1723108407710	1723108407927	OK	 
USER	Users	START	1723108408069
REQUEST		Page 2	1723108407856	1723108408077	OK	 
REQUEST		Search	1723108407945	1723108408163	OK	 
REQUEST		Select	1723108408147	1723108408364	OK	 
REQUEST		Select	1723108408156	1723108408373	OK	 
REQUEST		Page 3	1723108408162	1723108408374	OK	 
REQUEST		Page 3	1723108408194	1723108408412	OK	 
REQUEST		Page 0	1723108408353	1723108408566	OK	 
REQUEST		Home	1723108408068	1723108408720	OK	 
REQUEST		Page 1	1723108408618	1723108408836	OK	 
REQUEST		Home Redirect 1	1723108408721	1723108408939	OK	 
REQUEST		Page 2	1723108408820	1723108409034	OK	 
USER	Users	START	1723108409070
REQUEST		Search	1723108408930	1723108409146	OK	 
REQUEST		Page 3	1723108409077	1723108409295	OK	 
REQUEST		Select	1723108409164	1723108409385	OK	 
USER	Users	END	1723108409415
REQUEST		Page 0	1723108409366	1723108409579	OK	 
REQUEST		Form	1723108409375	1723108409585	OK	 
REQUEST		Page 0	1723108409375	1723108409591	OK	 
REQUEST		Home	1723108409069	1723108409725	OK	 
REQUEST		Page 1	1723108409568	1723108409778	OK	 
REQUEST		Home Redirect 1	1723108409725	1723108409952	OK	 
REQUEST		Page 2	1723108409838	1723108410054	OK	 
REQUEST		Search	1723108409941	1723108410159	OK	 
REQUEST		Page 3	1723108410036	1723108410252	OK	 
USER	Users	END	1723108410296
REQUEST		Select	1723108410148	1723108410362	OK	 
REQUEST		Page 0	1723108410387	1723108410606	OK	 
REQUEST		Page 1	1723108410580	1723108410793	OK	 
REQUEST		Post	1723108410588	1723108410801	OK	 
REQUEST		Page 1	1723108410592	1723108410806	OK	 
REQUEST		Page 2	1723108410780	1723108410992	OK	 
REQUEST		Post Redirect 1	1723108410806	1723108411016	OK	 
USER	Admins	END	1723108411019
REQUEST		Search	1723108410953	1723108411184	OK	 
USER	Users	END	1723108411253
REQUEST		Page 3	1723108411056	1723108411279	OK	 
REQUEST		Select	1723108411161	1723108411378	OK	 
REQUEST		Page 0	1723108411364	1723108411579	OK	 
REQUEST		Page 1	1723108411608	1723108411825	OK	 
REQUEST		Page 2	1723108411794	1723108412009	OK	 
REQUEST		Page 2	1723108411808	1723108412025	OK	 
REQUEST		Page 3	1723108411993	1723108412202	OK	 
USER	Users	END	1723108412280
REQUEST		Select	1723108412185	1723108412410	OK	 
REQUEST		Page 0	1723108412380	1723108412597	OK	 
REQUEST		Page 1	1723108412581	1723108412794	OK	 
REQUEST		Page 2	1723108412827	1723108413045	OK	 
USER	Users	END	1723108413204
REQUEST		Page 3	1723108413011	1723108413223	OK	 
REQUEST		Page 3	1723108413027	1723108413243	OK	 
REQUEST		Page 0	1723108413411	1723108413636	OK	 
REQUEST		Page 1	1723108413598	1723108413816	OK	 
REQUEST		Page 2	1723108413795	1723108414008	OK	 
USER	Users	END	1723108414225
REQUEST		Page 3	1723108414047	1723108414266	OK	 
REQUEST		Form	1723108414244	1723108414459	OK	 
REQUEST		Page 1	1723108414638	1723108414867	OK	 
REQUEST		Page 2	1723108414818	1723108415036	OK	 
REQUEST		Page 3	1723108415009	1723108415223	OK	 
USER	Users	END	1723108415267
REQUEST		Post	1723108415460	1723108415675	OK	 
REQUEST		Post Redirect 1	1723108415676	1723108415891	OK	 
USER	Admins	END	1723108415892
REQUEST		Page 2	1723108415869	1723108416092	OK	 
USER	Users	END	1723108416224
REQUEST		Page 3	1723108416037	1723108416253	OK	 
USER	Users	END	1723108417254
REQUEST		Page 3	1723108417093	1723108417315	OK	 
USER	Users	END	1723108418316
